<?xml version="1.0" encoding="UTF-8"?>
<robot generator="Robot 7.3 (Python 3.13.1 on win32)" generated="2025-06-11T12:02:15.929086" rpa="false" schemaversion="5">
<suite id="s1" name="Login" source="D:\AUTOMAÇÃO\Robot_Framework\login-robot\login.robot">
<test id="s1-t1" name="Cenário 1:" line="67">
<kw name="Abrir site">
<kw name="Open Browser" owner="SeleniumLibrary">
<msg time="2025-06-11T12:02:16.644497" level="INFO">Opening browser 'chrome' to base url 'https://adopet-frontend-cypress.vercel.app/login'.</msg>
<arg>${URL}</arg>
<arg>${BROWSER}</arg>
<doc>Opens a new browser instance to the optional ``url``.</doc>
<status status="PASS" start="2025-06-11T12:02:16.644130" elapsed="2.488386"/>
</kw>
<status status="PASS" start="2025-06-11T12:02:16.643072" elapsed="2.489685"/>
</kw>
<kw name="Campos vazios">
<kw name="Sleep" owner="BuiltIn">
<msg time="2025-06-11T12:02:22.134688" level="INFO">Slept 3 seconds.</msg>
<arg>3s</arg>
<doc>Pauses the test executed for the given time.</doc>
<status status="PASS" start="2025-06-11T12:02:19.133985" elapsed="3.000829"/>
</kw>
<kw name="Click Element" owner="SeleniumLibrary">
<msg time="2025-06-11T12:02:22.135357" level="INFO">Clicking element '//*[@id="email"]'.</msg>
<arg>${LOCATOR_EMAIL}</arg>
<doc>Click the element identified by ``locator``.</doc>
<status status="PASS" start="2025-06-11T12:02:22.134994" elapsed="0.068316"/>
</kw>
<kw name="Input Text" owner="SeleniumLibrary">
<msg time="2025-06-11T12:02:22.203977" level="INFO">Typing text '' into text field '//*[@id="email"]'.</msg>
<arg>${LOCATOR_EMAIL}</arg>
<arg>text=</arg>
<doc>Types the given ``text`` into the text field identified by ``locator``.</doc>
<status status="PASS" start="2025-06-11T12:02:22.203594" elapsed="0.067565"/>
</kw>
<kw name="Click Element" owner="SeleniumLibrary">
<msg time="2025-06-11T12:02:22.271624" level="INFO">Clicking element '//*[@id="pass"]'.</msg>
<arg>${LOCATOR_PASSWORD}</arg>
<doc>Click the element identified by ``locator``.</doc>
<status status="PASS" start="2025-06-11T12:02:22.271370" elapsed="0.063286"/>
</kw>
<kw name="Input Text" owner="SeleniumLibrary">
<msg time="2025-06-11T12:02:22.335199" level="INFO">Typing text '' into text field '//*[@id="pass"]'.</msg>
<arg>${LOCATOR_PASSWORD}</arg>
<arg>text=</arg>
<doc>Types the given ``text`` into the text field identified by ``locator``.</doc>
<status status="PASS" start="2025-06-11T12:02:22.334879" elapsed="0.047135"/>
</kw>
<kw name="Sleep" owner="BuiltIn">
<msg time="2025-06-11T12:02:25.382959" level="INFO">Slept 3 seconds.</msg>
<arg>3s</arg>
<doc>Pauses the test executed for the given time.</doc>
<status status="PASS" start="2025-06-11T12:02:22.382197" elapsed="3.000895"/>
</kw>
<kw name="Wait Until Element Is Visible" owner="SeleniumLibrary">
<arg>${ERROR_DADOS_VAZIOS}</arg>
<arg>5s</arg>
<doc>Waits until the element ``locator`` is visible.</doc>
<status status="PASS" start="2025-06-11T12:02:25.383262" elapsed="0.074440"/>
</kw>
<kw name="Element Should Be Visible" owner="SeleniumLibrary">
<msg time="2025-06-11T12:02:25.469605" level="INFO">Element '//*[@id="root"]/main/section/form/p[1]' is displayed.</msg>
<arg>${ERROR_DADOS_VAZIOS}</arg>
<doc>Verifies that the element identified by ``locator`` is visible.</doc>
<status status="PASS" start="2025-06-11T12:02:25.457936" elapsed="0.011764"/>
</kw>
<status status="PASS" start="2025-06-11T12:02:19.133473" elapsed="6.336330"/>
</kw>
<kw name="Fechar site">
<kw name="Close Browser" owner="SeleniumLibrary">
<doc>Closes the current browser.</doc>
<status status="PASS" start="2025-06-11T12:02:25.470532" elapsed="2.180362"/>
</kw>
<status status="PASS" start="2025-06-11T12:02:25.470222" elapsed="2.180802"/>
</kw>
<status status="PASS" start="2025-06-11T12:02:16.642186" elapsed="11.009105"/>
</test>
<test id="s1-t2" name="Cenário 2:" line="72">
<kw name="Abrir site">
<kw name="Open Browser" owner="SeleniumLibrary">
<msg time="2025-06-11T12:02:27.652559" level="INFO">Opening browser 'chrome' to base url 'https://adopet-frontend-cypress.vercel.app/login'.</msg>
<arg>${URL}</arg>
<arg>${BROWSER}</arg>
<doc>Opens a new browser instance to the optional ``url``.</doc>
<status status="PASS" start="2025-06-11T12:02:27.652354" elapsed="2.047547"/>
</kw>
<status status="PASS" start="2025-06-11T12:02:27.652136" elapsed="2.047923"/>
</kw>
<kw name="Email e Senha Inválidos">
<kw name="Click Element" owner="SeleniumLibrary">
<msg time="2025-06-11T12:02:29.701555" level="INFO">Clicking element '//*[@id="email"]'.</msg>
<arg>${LOCATOR_EMAIL}</arg>
<doc>Click the element identified by ``locator``.</doc>
<status status="PASS" start="2025-06-11T12:02:29.701178" elapsed="0.142435"/>
</kw>
<kw name="Input Text" owner="SeleniumLibrary">
<msg time="2025-06-11T12:02:29.844266" level="INFO">Typing text 'hfiuhfiuhdf' into text field '//*[@id="email"]'.</msg>
<arg>${LOCATOR_EMAIL}</arg>
<arg>text=hfiuhfiuhdf</arg>
<doc>Types the given ``text`` into the text field identified by ``locator``.</doc>
<status status="PASS" start="2025-06-11T12:02:29.843879" elapsed="0.106716"/>
</kw>
<kw name="Click Element" owner="SeleniumLibrary">
<msg time="2025-06-11T12:02:29.951109" level="INFO">Clicking element '//*[@id="pass"]'.</msg>
<arg>${LOCATOR_PASSWORD}</arg>
<doc>Click the element identified by ``locator``.</doc>
<status status="PASS" start="2025-06-11T12:02:29.950802" elapsed="0.094249"/>
</kw>
<kw name="Input Password" owner="SeleniumLibrary">
<msg time="2025-06-11T12:02:30.045759" level="INFO">Typing password into text field '//*[@id="pass"]'.</msg>
<msg time="2025-06-11T12:02:30.082668" level="INFO">Temporally setting log level to: NONE</msg>
<arg>${LOCATOR_PASSWORD}</arg>
<arg>text=dfvfvdgd</arg>
<doc>Types the given password into the text field identified by ``locator``.</doc>
<status status="PASS" start="2025-06-11T12:02:30.045374" elapsed="0.088651"/>
</kw>
<kw name="Sleep" owner="BuiltIn">
<msg time="2025-06-11T12:02:33.134816" level="INFO">Slept 3 seconds.</msg>
<arg>3s</arg>
<doc>Pauses the test executed for the given time.</doc>
<status status="PASS" start="2025-06-11T12:02:30.134341" elapsed="3.000621"/>
</kw>
<kw name="Wait Until Element Is Visible" owner="SeleniumLibrary">
<arg>${ERROR_DADOS_ERRADOS}</arg>
<doc>Waits until the element ``locator`` is visible.</doc>
<status status="PASS" start="2025-06-11T12:02:33.135156" elapsed="0.017956"/>
</kw>
<kw name="Element Should Be Visible" owner="SeleniumLibrary">
<msg time="2025-06-11T12:02:33.165424" level="INFO">Element '//*[@id="root"]/main/section/form/p[2]' is displayed.</msg>
<arg>${ERROR_DADOS_ERRADOS}</arg>
<doc>Verifies that the element identified by ``locator`` is visible.</doc>
<status status="PASS" start="2025-06-11T12:02:33.153344" elapsed="0.012188"/>
</kw>
<status status="PASS" start="2025-06-11T12:02:29.700629" elapsed="3.465009"/>
</kw>
<kw name="Fechar site">
<kw name="Close Browser" owner="SeleniumLibrary">
<doc>Closes the current browser.</doc>
<status status="PASS" start="2025-06-11T12:02:33.166210" elapsed="2.165162"/>
</kw>
<status status="PASS" start="2025-06-11T12:02:33.165937" elapsed="2.165570"/>
</kw>
<status status="PASS" start="2025-06-11T12:02:27.651771" elapsed="7.680118"/>
</test>
<test id="s1-t3" name="Cenário 3:" line="76">
<kw name="Abrir site">
<kw name="Open Browser" owner="SeleniumLibrary">
<msg time="2025-06-11T12:02:35.333831" level="INFO">Opening browser 'chrome' to base url 'https://adopet-frontend-cypress.vercel.app/login'.</msg>
<arg>${URL}</arg>
<arg>${BROWSER}</arg>
<doc>Opens a new browser instance to the optional ``url``.</doc>
<status status="PASS" start="2025-06-11T12:02:35.333597" elapsed="2.025666"/>
</kw>
<status status="PASS" start="2025-06-11T12:02:35.333276" elapsed="2.026200"/>
</kw>
<kw name="Inserir Email Válido e Senha inválida">
<kw name="Click Element" owner="SeleniumLibrary">
<msg time="2025-06-11T12:02:37.361044" level="INFO">Clicking element '//*[@id="email"]'.</msg>
<arg>${LOCATOR_EMAIL}</arg>
<doc>Click the element identified by ``locator``.</doc>
<status status="PASS" start="2025-06-11T12:02:37.360680" elapsed="0.125607"/>
</kw>
<kw name="Input Text" owner="SeleniumLibrary">
<msg time="2025-06-11T12:02:37.487556" level="INFO">Typing text 'laurapuga@alu.ufc.br' into text field '//*[@id="email"]'.</msg>
<arg>${LOCATOR_EMAIL}</arg>
<arg>laurapuga@alu.ufc.br</arg>
<doc>Types the given ``text`` into the text field identified by ``locator``.</doc>
<status status="PASS" start="2025-06-11T12:02:37.487117" elapsed="0.136338"/>
</kw>
<kw name="Click Element" owner="SeleniumLibrary">
<msg time="2025-06-11T12:02:37.624039" level="INFO">Clicking element '//*[@id="pass"]'.</msg>
<arg>${LOCATOR_PASSWORD}</arg>
<doc>Click the element identified by ``locator``.</doc>
<status status="PASS" start="2025-06-11T12:02:37.623716" elapsed="0.078177"/>
</kw>
<kw name="Input Password" owner="SeleniumLibrary">
<msg time="2025-06-11T12:02:37.702877" level="INFO">Typing password into text field '//*[@id="pass"]'.</msg>
<msg time="2025-06-11T12:02:37.739577" level="INFO">Temporally setting log level to: NONE</msg>
<arg>${LOCATOR_PASSWORD}</arg>
<arg>text=dfvfvdgd</arg>
<doc>Types the given password into the text field identified by ``locator``.</doc>
<status status="PASS" start="2025-06-11T12:02:37.702330" elapsed="0.101549"/>
</kw>
<kw name="Sleep" owner="BuiltIn">
<msg time="2025-06-11T12:02:40.804438" level="INFO">Slept 3 seconds.</msg>
<arg>3s</arg>
<doc>Pauses the test executed for the given time.</doc>
<status status="PASS" start="2025-06-11T12:02:37.804143" elapsed="3.000409"/>
</kw>
<kw name="Wait Until Element Is Visible" owner="SeleniumLibrary">
<arg>${ERROR_DADOS_VAZIOS}</arg>
<doc>Waits until the element ``locator`` is visible.</doc>
<status status="PASS" start="2025-06-11T12:02:40.804726" elapsed="0.017863"/>
</kw>
<kw name="Element Should Be Visible" owner="SeleniumLibrary">
<msg time="2025-06-11T12:02:40.834785" level="INFO">Element '//*[@id="root"]/main/section/form/p[1]' is displayed.</msg>
<arg>${ERROR_DADOS_VAZIOS}</arg>
<doc>Verifies that the element identified by ``locator`` is visible.</doc>
<status status="PASS" start="2025-06-11T12:02:40.822763" elapsed="0.012156"/>
</kw>
<status status="PASS" start="2025-06-11T12:02:37.360059" elapsed="3.474963"/>
</kw>
<kw name="Fechar site">
<kw name="Close Browser" owner="SeleniumLibrary">
<doc>Closes the current browser.</doc>
<status status="PASS" start="2025-06-11T12:02:40.835768" elapsed="2.167471"/>
</kw>
<status status="PASS" start="2025-06-11T12:02:40.835466" elapsed="2.167893"/>
</kw>
<status status="PASS" start="2025-06-11T12:02:35.332733" elapsed="7.670873"/>
</test>
<test id="s1-t4" name="Cenário 4:" line="80">
<kw name="Abrir site">
<kw name="Open Browser" owner="SeleniumLibrary">
<msg time="2025-06-11T12:02:43.005186" level="INFO">Opening browser 'chrome' to base url 'https://adopet-frontend-cypress.vercel.app/login'.</msg>
<arg>${URL}</arg>
<arg>${BROWSER}</arg>
<doc>Opens a new browser instance to the optional ``url``.</doc>
<status status="PASS" start="2025-06-11T12:02:43.004980" elapsed="1.884944"/>
</kw>
<status status="PASS" start="2025-06-11T12:02:43.004721" elapsed="1.885346"/>
</kw>
<kw name="Inserir Email Inválido e Senha Válida">
<kw name="Click Element" owner="SeleniumLibrary">
<msg time="2025-06-11T12:02:44.891495" level="INFO">Clicking element '//*[@id="email"]'.</msg>
<arg>${LOCATOR_EMAIL}</arg>
<doc>Click the element identified by ``locator``.</doc>
<status status="PASS" start="2025-06-11T12:02:44.891215" elapsed="0.132096"/>
</kw>
<kw name="Input Text" owner="SeleniumLibrary">
<msg time="2025-06-11T12:02:45.023951" level="INFO">Typing text 'cjdcjdcjmdnc' into text field '//*[@id="email"]'.</msg>
<arg>${LOCATOR_EMAIL}</arg>
<arg>text=cjdcjdcjmdnc</arg>
<doc>Types the given ``text`` into the text field identified by ``locator``.</doc>
<status status="PASS" start="2025-06-11T12:02:45.023612" elapsed="0.127464"/>
</kw>
<kw name="Click Element" owner="SeleniumLibrary">
<msg time="2025-06-11T12:02:45.151809" level="INFO">Clicking element '//*[@id="pass"]'.</msg>
<arg>${LOCATOR_PASSWORD}</arg>
<doc>Click the element identified by ``locator``.</doc>
<status status="PASS" start="2025-06-11T12:02:45.151374" elapsed="0.087846"/>
</kw>
<kw name="Input Password" owner="SeleniumLibrary">
<msg time="2025-06-11T12:02:45.239935" level="INFO">Typing password into text field '//*[@id="pass"]'.</msg>
<msg time="2025-06-11T12:02:45.277355" level="INFO">Temporally setting log level to: NONE</msg>
<arg>${LOCATOR_PASSWORD}</arg>
<arg>text=L2abcdefgh</arg>
<doc>Types the given password into the text field identified by ``locator``.</doc>
<status status="PASS" start="2025-06-11T12:02:45.239513" elapsed="0.105328"/>
</kw>
<kw name="Sleep" owner="BuiltIn">
<msg time="2025-06-11T12:02:48.346655" level="INFO">Slept 3 seconds.</msg>
<arg>3s</arg>
<doc>Pauses the test executed for the given time.</doc>
<status status="PASS" start="2025-06-11T12:02:45.345253" elapsed="3.001601"/>
</kw>
<kw name="Wait Until Element Is Visible" owner="SeleniumLibrary">
<arg>${ERROR_DADOS_ERRADOS}</arg>
<doc>Waits until the element ``locator`` is visible.</doc>
<status status="PASS" start="2025-06-11T12:02:48.347151" elapsed="0.018692"/>
</kw>
<kw name="Element Should Be Visible" owner="SeleniumLibrary">
<msg time="2025-06-11T12:02:48.378339" level="INFO">Element '//*[@id="root"]/main/section/form/p[2]' is displayed.</msg>
<arg>${ERROR_DADOS_ERRADOS}</arg>
<doc>Verifies that the element identified by ``locator`` is visible.</doc>
<status status="PASS" start="2025-06-11T12:02:48.366028" elapsed="0.012487"/>
</kw>
<status status="PASS" start="2025-06-11T12:02:44.890685" elapsed="3.487981"/>
</kw>
<kw name="Fechar site">
<kw name="Close Browser" owner="SeleniumLibrary">
<doc>Closes the current browser.</doc>
<status status="PASS" start="2025-06-11T12:02:48.379660" elapsed="2.154368"/>
</kw>
<status status="PASS" start="2025-06-11T12:02:48.379231" elapsed="2.154983"/>
</kw>
<status status="PASS" start="2025-06-11T12:02:43.004274" elapsed="7.530341"/>
</test>
<test id="s1-t5" name="Cenário 5:" line="85">
<kw name="Abrir site">
<kw name="Open Browser" owner="SeleniumLibrary">
<msg time="2025-06-11T12:02:50.536692" level="INFO">Opening browser 'chrome' to base url 'https://adopet-frontend-cypress.vercel.app/login'.</msg>
<arg>${URL}</arg>
<arg>${BROWSER}</arg>
<doc>Opens a new browser instance to the optional ``url``.</doc>
<status status="PASS" start="2025-06-11T12:02:50.536480" elapsed="1.952711"/>
</kw>
<status status="PASS" start="2025-06-11T12:02:50.536189" elapsed="1.953214"/>
</kw>
<kw name="Inserir Email e Senha Válidos">
<kw name="Click Element" owner="SeleniumLibrary">
<msg time="2025-06-11T12:02:52.491780" level="INFO">Clicking element '//*[@id="email"]'.</msg>
<arg>${LOCATOR_EMAIL}</arg>
<doc>Click the element identified by ``locator``.</doc>
<status status="PASS" start="2025-06-11T12:02:52.491200" elapsed="0.130016"/>
</kw>
<kw name="Input Text" owner="SeleniumLibrary">
<msg time="2025-06-11T12:02:52.621789" level="INFO">Typing text 'laurapuga@alu.ufc.br' into text field '//*[@id="email"]'.</msg>
<arg>${LOCATOR_EMAIL}</arg>
<arg>text=laurapuga@alu.ufc.br</arg>
<doc>Types the given ``text`` into the text field identified by ``locator``.</doc>
<status status="PASS" start="2025-06-11T12:02:52.621470" elapsed="0.128930"/>
</kw>
<kw name="Click Element" owner="SeleniumLibrary">
<msg time="2025-06-11T12:02:52.751314" level="INFO">Clicking element '//*[@id="pass"]'.</msg>
<arg>${LOCATOR_PASSWORD}</arg>
<doc>Click the element identified by ``locator``.</doc>
<status status="PASS" start="2025-06-11T12:02:52.750801" elapsed="0.079368"/>
</kw>
<kw name="Input Password" owner="SeleniumLibrary">
<msg time="2025-06-11T12:02:52.830797" level="INFO">Typing password into text field '//*[@id="pass"]'.</msg>
<msg time="2025-06-11T12:02:52.866885" level="INFO">Temporally setting log level to: NONE</msg>
<arg>${LOCATOR_PASSWORD}</arg>
<arg>text=L2abcdefgh</arg>
<doc>Types the given password into the text field identified by ``locator``.</doc>
<status status="PASS" start="2025-06-11T12:02:52.830466" elapsed="0.087403"/>
</kw>
<kw name="Scroll Element Into View" owner="SeleniumLibrary">
<arg>${LOCATOR_BUTTON}</arg>
<doc>Scrolls the element identified by ``locator`` into view.</doc>
<status status="PASS" start="2025-06-11T12:02:52.918524" elapsed="0.305484"/>
</kw>
<kw name="Click Button" owner="SeleniumLibrary">
<msg time="2025-06-11T12:02:53.224874" level="INFO">Clicking button '//*[@id="root"]/main/section/form/button'.</msg>
<arg>${LOCATOR_BUTTON}</arg>
<doc>Clicks the button identified by ``locator``.</doc>
<status status="PASS" start="2025-06-11T12:02:53.224366" elapsed="0.087429"/>
</kw>
<status status="PASS" start="2025-06-11T12:02:52.490337" elapsed="0.821620"/>
</kw>
<kw name="Fechar site">
<kw name="Close Browser" owner="SeleniumLibrary">
<doc>Closes the current browser.</doc>
<status status="PASS" start="2025-06-11T12:02:53.312897" elapsed="2.166372"/>
</kw>
<status status="PASS" start="2025-06-11T12:02:53.312425" elapsed="2.166975"/>
</kw>
<status status="PASS" start="2025-06-11T12:02:50.535624" elapsed="4.944095"/>
</test>
<status status="PASS" start="2025-06-11T12:02:15.931344" elapsed="39.549293"/>
</suite>
<statistics>
<total>
<stat pass="5" fail="0" skip="0">All Tests</stat>
</total>
<tag>
</tag>
<suite>
<stat name="Login" id="s1" pass="5" fail="0" skip="0">Login</stat>
</suite>
</statistics>
<errors>
</errors>
</robot>
